<?xml version="1.0" encoding="UTF-8"?>
<testsuite xmlns:xsi="http://www.w3.org/2001/XMLSchema-instance" xsi:noNamespaceSchemaLocation="https://maven.apache.org/surefire/maven-surefire-plugin/xsd/surefire-test-report-3.0.xsd" version="3.0" name="TestSuite" time="82.915" tests="4" errors="0" skipped="0" failures="0">
  <properties>
[...]
</properties>
  <testcase name="titleCheck" classname="crossBrowser.TestDemo" time="8.838">
    <system-err><![CDATA[Mar 21, 2023 2:28:42 PM org.openqa.selenium.remote.tracing.opentelemetry.OpenTelemetryTracer createTracer
INFO: Using OpenTelemetry for tracing
]]></system-err>
  </testcase>
  <testcase name="titleCheck" classname="crossBrowser.TestDemo" time="34.893"/>
  <testcase name="titleCheck" classname="crossBrowser.TestDemo2" time="25.117"/>
  <testcase name="titleCheck" classname="crossBrowser.TestDemo2" time="47.954"/>
</testsuite>